\BOOKMARK [0][-]{Doc-Start}{List of Tables}{}% 1
\BOOKMARK [0][-]{Doc-Start}{List of Figures}{}% 2
\BOOKMARK [0][-]{Doc-Start}{List of Symbols and Abbreviations}{}% 3
\BOOKMARK [0][-]{Doc-Start}{Acknowledgements}{}% 4
\BOOKMARK [0][-]{Doc-Start}{Dedication}{}% 5
\BOOKMARK [0][-]{Doc-Start}{Abstract}{}% 6
\BOOKMARK [0][-]{chapter.1}{Introduction}{}% 7
\BOOKMARK [1][-]{section.1.1}{Motivation}{chapter.1}% 8
\BOOKMARK [1][-]{section.1.2}{Problem Statement}{chapter.1}% 9
\BOOKMARK [1][-]{section.1.3}{Objectives}{chapter.1}% 10
\BOOKMARK [1][-]{section.1.4}{Organization of the thesis}{chapter.1}% 11
\BOOKMARK [0][-]{chapter.2}{Background}{}% 12
\BOOKMARK [1][-]{section.2.1}{Puzzle Genere in Video Games}{chapter.2}% 13
\BOOKMARK [1][-]{section.2.2}{Procedural Content Generation}{chapter.2}% 14
\BOOKMARK [2][-]{subsection.2.2.1}{Level Generation}{section.2.2}% 15
\BOOKMARK [2][-]{subsection.2.2.2}{Rule Generation}{section.2.2}% 16
\BOOKMARK [1][-]{section.2.3}{Search Based PCG}{chapter.2}% 17
\BOOKMARK [2][-]{subsection.2.3.1}{Search Algorithm}{section.2.3}% 18
\BOOKMARK [2][-]{subsection.2.3.2}{Content Representation}{section.2.3}% 19
\BOOKMARK [2][-]{subsection.2.3.3}{Evaluation Function}{section.2.3}% 20
\BOOKMARK [1][-]{section.2.4}{Puzzle Script as Video Game Description Language}{chapter.2}% 21
\BOOKMARK [2][-]{subsection.2.4.1}{Objects}{section.2.4}% 22
\BOOKMARK [2][-]{subsection.2.4.2}{Legend}{section.2.4}% 23
\BOOKMARK [2][-]{subsection.2.4.3}{Sounds}{section.2.4}% 24
\BOOKMARK [2][-]{subsection.2.4.4}{Collision Layers}{section.2.4}% 25
\BOOKMARK [2][-]{subsection.2.4.5}{Rules}{section.2.4}% 26
\BOOKMARK [2][-]{subsection.2.4.6}{Win Conditions}{section.2.4}% 27
\BOOKMARK [2][-]{subsection.2.4.7}{Levels}{section.2.4}% 28
\BOOKMARK [1][-]{section.2.5}{General Video Game Playing}{chapter.2}% 29
\BOOKMARK [0][-]{chapter.3}{Literature Review}{}% 30
\BOOKMARK [1][-]{section.3.1}{Level Generation}{chapter.3}% 31
\BOOKMARK [2][-]{subsection.3.1.1}{Puzzle Level Generation}{section.3.1}% 32
\BOOKMARK [2][-]{subsection.3.1.2}{Platformer Level Generation}{section.3.1}% 33
\BOOKMARK [2][-]{subsection.3.1.3}{Dungeon Level Generation}{section.3.1}% 34
\BOOKMARK [1][-]{section.3.2}{Rule Generation}{chapter.3}% 35
\BOOKMARK [1][-]{section.3.3}{General Video Game Playing}{chapter.3}% 36
\BOOKMARK [0][-]{chapter.4}{Methodology}{}% 37
\BOOKMARK [1][-]{section.4.1}{Rule Analysis}{chapter.4}% 38
\BOOKMARK [1][-]{section.4.2}{Auto Player}{chapter.4}% 39
\BOOKMARK [1][-]{section.4.3}{Level Generation}{chapter.4}% 40
\BOOKMARK [2][-]{subsection.4.3.1}{Linear Algorithm}{section.4.3}% 41
\BOOKMARK [2][-]{subsection.4.3.2}{Chromosome Representation}{section.4.3}% 42
\BOOKMARK [2][-]{subsection.4.3.3}{Fitness Function}{section.4.3}% 43
\BOOKMARK [1][-]{section.4.4}{Rule Generation}{chapter.4}% 44
\BOOKMARK [2][-]{subsection.4.4.1}{Chromosome Representation}{section.4.4}% 45
\BOOKMARK [2][-]{subsection.4.4.2}{Fitness Function}{section.4.4}% 46
\BOOKMARK [0][-]{chapter.5}{Results and Evaluation}{}% 47
\BOOKMARK [1][-]{section.5.1}{Data Description}{chapter.5}% 48
\BOOKMARK [1][-]{section.5.2}{Level Generation Problem}{chapter.5}% 49
\BOOKMARK [1][-]{section.5.3}{Rule Generation Problem}{chapter.5}% 50
\BOOKMARK [0][-]{chapter.6}{Conclusion}{}% 51
\BOOKMARK [0][-]{chapter.6}{References}{}% 52
